13:08:19 **** Clean-only build of configuration Debug for project fault.c ****
make clean 
rm -rf  ./INT.o ./main.o  sizedummy  fault.c.lss  ./INT.d ./main.d  fault.c.elf
 
13:08:22 **** Build of configuration Debug for project fault.c ****
make all 
Building file: ../INT.c
Invoking: AVR Compiler
avr-gcc -Wall -g2 -gstabs -O0 -fpack-struct -fshort-enums -ffunction-sections -fdata-sections -std=gnu99 -funsigned-char -funsigned-bitfields -mmcu=atmega128 -DF_CPU=1000000UL -MMD -MP -MF"INT.d" -MT"INT.o" -c -o "INT.o" "../INT.c"
In file included from ../MICRO_setting.h:17,
                 from ../INT.h:14,
                 from ../INT.c:7:
c:/winavr-20100110/lib/gcc/../../avr/include/util/delay.h:90:3: warning: #warning "Compiler optimizations disabled; functions from <util/delay.h> won't work as designed"
../INT.c: In function '__vector_1':
../INT.c:16: error: 'IINTF0' undeclared (first use in this function)
../INT.c:16: error: (Each undeclared identifier is reported only once
../INT.c:16: error: for each function it appears in.)
../INT.c: In function 'INT0_init':
../INT.c:25: error: 'EIMCK' undeclared (first use in this function)
../INT.c:25: error: 'IINT0' undeclared (first use in this function)
make: *** [INT.o] Error 1
"make all" terminated with exit code 2. Build might be incomplete.
13:18:12 **** Build of configuration Debug for project 11.c ****
make all 
Building file: ../INT.c
Invoking: AVR Compiler
avr-gcc -Wall -g2 -gstabs -O0 -fpack-struct -fshort-enums -ffunction-sections -fdata-sections -std=gnu99 -funsigned-char -funsigned-bitfields -mmcu=atmega128 -DF_CPU=1000000UL -MMD -MP -MF"INT.d" -MT"INT.o" -c -o "INT.o" "../INT.c"
In file included from ../MICRO_setting.h:17,
                 from ../INT.h:14,
                 from ../INT.c:7:
c:/winavr-20100110/lib/gcc/../../avr/include/util/delay.h:90:3: warning: #warning "Compiler optimizations disabled; functions from <util/delay.h> won't work as designed"
../INT.c: In function '__vector_1':
../INT.c:19: error: 'IINTF0' undeclared (first use in this function)
../INT.c:19: error: (Each undeclared identifier is reported only once
../INT.c:19: error: for each function it appears in.)
../INT.c: In function 'INT0_init':
../INT.c:36: error: 'EIMCK' undeclared (first use in this function)
../INT.c:36: error: 'IINT0' undeclared (first use in this function)
../INT.c: In function 'INT1_init':
../INT.c:57: error: 'EIMCK' undeclared (first use in this function)
../INT.c:60: error: expected declaration or statement at end of input
make: *** [INT.o] Error 1
"make all" terminated with exit code 2. Build might be incomplete.
13:19:00 **** Incremental Build of configuration Debug for project 11.c ****
make all 
Building file: ../INT.c
Invoking: AVR Compiler
avr-gcc -Wall -g2 -gstabs -O0 -fpack-struct -fshort-enums -ffunction-sections -fdata-sections -std=gnu99 -funsigned-char -funsigned-bitfields -mmcu=atmega128 -DF_CPU=1000000UL -MMD -MP -MF"INT.d" -MT"INT.o" -c -o "INT.o" "../INT.c"
In file included from ../MICRO_setting.h:17,
                 from ../INT.h:14,
                 from ../INT.c:7:
c:/winavr-20100110/lib/gcc/../../avr/include/util/delay.h:90:3: warning: #warning "Compiler optimizations disabled; functions from <util/delay.h> won't work as designed"
../INT.c: In function '__vector_1':
../INT.c:19: error: 'IINTF0' undeclared (first use in this function)
../INT.c:19: error: (Each undeclared identifier is reported only once
../INT.c:19: error: for each function it appears in.)
../INT.c: In function 'INT0_init':
../INT.c:36: error: 'EIMCK' undeclared (first use in this function)
../INT.c:36: error: 'IINT0' undeclared (first use in this function)
../INT.c: In function 'INT1_init':
../INT.c:57: error: 'EIMCK' undeclared (first use in this function)
../INT.c:60: error: expected declaration or statement at end of input
make: *** [INT.o] Error 1
"make all" terminated with exit code 2. Build might be incomplete.
13:20:58 **** Incremental Build of configuration Debug for project 11.c ****
make all 
Building file: ../INT.c
Invoking: AVR Compiler
avr-gcc -Wall -g2 -gstabs -O0 -fpack-struct -fshort-enums -ffunction-sections -fdata-sections -std=gnu99 -funsigned-char -funsigned-bitfields -mmcu=atmega128 -DF_CPU=1000000UL -MMD -MP -MF"INT.d" -MT"INT.o" -c -o "INT.o" "../INT.c"
In file included from ../MICRO_setting.h:17,
                 from ../INT.h:14,
                 from ../INT.c:7:
c:/winavr-20100110/lib/gcc/../../avr/include/util/delay.h:90:3: warning: #warning "Compiler optimizations disabled; functions from <util/delay.h> won't work as designed"
../INT.c: In function '__vector_1':
../INT.c:19: error: 'IINTF0' undeclared (first use in this function)
../INT.c:19: error: (Each undeclared identifier is reported only once
../INT.c:19: error: for each function it appears in.)
../INT.c: In function 'INT0_init':
../INT.c:36: error: 'EIMCK' undeclared (first use in this function)
../INT.c:36: error: 'IINT0' undeclared (first use in this function)
../INT.c: In function 'INT1_init':
../INT.c:57: error: 'EIMCK' undeclared (first use in this function)
../INT.c:60: error: expected declaration or statement at end of input
make: *** [INT.o] Error 1
"make all" terminated with exit code 2. Build might be incomplete.
13:25:27 **** Incremental Build of configuration Debug for project 11.c ****
make all 
Building file: ../INT.c
Invoking: AVR Compiler
avr-gcc -Wall -g2 -gstabs -O0 -fpack-struct -fshort-enums -ffunction-sections -fdata-sections -std=gnu99 -funsigned-char -funsigned-bitfields -mmcu=atmega128 -DF_CPU=1000000UL -MMD -MP -MF"INT.d" -MT"INT.o" -c -o "INT.o" "../INT.c"
In file included from ../MICRO_setting.h:17,
                 from ../INT.h:14,
                 from ../INT.c:7:
c:/winavr-20100110/lib/gcc/../../avr/include/util/delay.h:90:3: warning: #warning "Compiler optimizations disabled; functions from <util/delay.h> won't work as designed"
../INT.c: In function 'INT0_init':
../INT.c:39: error: 'EIMCK' undeclared (first use in this function)
../INT.c:39: error: (Each undeclared identifier is reported only once
../INT.c:39: error: for each function it appears in.)
../INT.c:39: error: 'IINT0' undeclared (first use in this function)
../INT.c: In function 'INT1_init':
../INT.c:61: error: 'EIMCK' undeclared (first use in this function)
../INT.c:64: error: expected declaration or statement at end of input
make: *** [INT.o] Error 1
"make all" terminated with exit code 2. Build might be incomplete.
13:26:33 **** Incremental Build of configuration Debug for project 11.c ****
make all 
Building file: ../INT.c
Invoking: AVR Compiler
avr-gcc -Wall -g2 -gstabs -O0 -fpack-struct -fshort-enums -ffunction-sections -fdata-sections -std=gnu99 -funsigned-char -funsigned-bitfields -mmcu=atmega128 -DF_CPU=1000000UL -MMD -MP -MF"INT.d" -MT"INT.o" -c -o "INT.o" "../INT.c"
In file included from ../MICRO_setting.h:17,
                 from ../INT.h:14,
                 from ../INT.c:7:
c:/winavr-20100110/lib/gcc/../../avr/include/util/delay.h:90:3: warning: #warning "Compiler optimizations disabled; functions from <util/delay.h> won't work as designed"
../INT.c: In function 'INT0_init':
../INT.c:39: error: 'EIMCK' undeclared (first use in this function)
../INT.c:39: error: (Each undeclared identifier is reported only once
../INT.c:39: error: for each function it appears in.)
../INT.c:39: error: 'IINT0' undeclared (first use in this function)
../INT.c: In function 'INT1_init':
../INT.c:61: error: 'EIMCK' undeclared (first use in this function)
../INT.c:64: error: expected declaration or statement at end of input
make: *** [INT.o] Error 1
"make all" terminated with exit code 2. Build might be incomplete.
13:29:19 **** Incremental Build of configuration Debug for project 11.c ****
make all 
Building file: ../INT.c
Invoking: AVR Compiler
avr-gcc -Wall -g2 -gstabs -O0 -fpack-struct -fshort-enums -ffunction-sections -fdata-sections -std=gnu99 -funsigned-char -funsigned-bitfields -mmcu=atmega128 -DF_CPU=1000000UL -MMD -MP -MF"INT.d" -MT"INT.o" -c -o "INT.o" "../INT.c"
In file included from ../MICRO_setting.h:17,
                 from ../INT.h:14,
                 from ../INT.c:7:
c:/winavr-20100110/lib/gcc/../../avr/include/util/delay.h:90:3: warning: #warning "Compiler optimizations disabled; functions from <util/delay.h> won't work as designed"
../INT.c: In function 'INT0_init':
../INT.c:39: error: 'EIMCK' undeclared (first use in this function)
../INT.c:39: error: (Each undeclared identifier is reported only once
../INT.c:39: error: for each function it appears in.)
../INT.c:39: error: 'IINT0' undeclared (first use in this function)
../INT.c: In function 'INT1_init':
../INT.c:61: error: 'EIMCK' undeclared (first use in this function)
../INT.c:64: error: expected declaration or statement at end of input
make: *** [INT.o] Error 1
"make all" terminated with exit code 2. Build might be incomplete.
13:29:35 **** Incremental Build of configuration Debug for project 11.c ****
make all 
Building file: ../INT.c
Invoking: AVR Compiler
avr-gcc -Wall -g2 -gstabs -O0 -fpack-struct -fshort-enums -ffunction-sections -fdata-sections -std=gnu99 -funsigned-char -funsigned-bitfields -mmcu=atmega128 -DF_CPU=1000000UL -MMD -MP -MF"INT.d" -MT"INT.o" -c -o "INT.o" "../INT.c"
In file included from ../MICRO_setting.h:17,
                 from ../INT.h:14,
                 from ../INT.c:7:
c:/winavr-20100110/lib/gcc/../../avr/include/util/delay.h:90:3: warning: #warning "Compiler optimizations disabled; functions from <util/delay.h> won't work as designed"
../INT.c: In function 'INT0_init':
../INT.c:39: error: 'IINT0' undeclared (first use in this function)
../INT.c:39: error: (Each undeclared identifier is reported only once
../INT.c:39: error: for each function it appears in.)
../INT.c: In function 'INT1_init':
../INT.c:61: error: 'EIMCK' undeclared (first use in this function)
../INT.c:64: error: expected declaration or statement at end of input
make: *** [INT.o] Error 1
"make all" terminated with exit code 2. Build might be incomplete.
13:30:05 **** Incremental Build of configuration Debug for project 11.c ****
make all 
Building file: ../INT.c
Invoking: AVR Compiler
avr-gcc -Wall -g2 -gstabs -O0 -fpack-struct -fshort-enums -ffunction-sections -fdata-sections -std=gnu99 -funsigned-char -funsigned-bitfields -mmcu=atmega128 -DF_CPU=1000000UL -MMD -MP -MF"INT.d" -MT"INT.o" -c -o "INT.o" "../INT.c"
In file included from ../MICRO_setting.h:17,
                 from ../INT.h:14,
                 from ../INT.c:7:
c:/winavr-20100110/lib/gcc/../../avr/include/util/delay.h:90:3: warning: #warning "Compiler optimizations disabled; functions from <util/delay.h> won't work as designed"
../INT.c: In function 'INT1_init':
../INT.c:61: error: 'EIMCK' undeclared (first use in this function)
../INT.c:61: error: (Each undeclared identifier is reported only once
../INT.c:61: error: for each function it appears in.)
../INT.c:64: error: expected declaration or statement at end of input
make: *** [INT.o] Error 1
"make all" terminated with exit code 2. Build might be incomplete.
13:31:32 **** Incremental Build of configuration Debug for project 11.c ****
make all 
Building file: ../INT.c
Invoking: AVR Compiler
avr-gcc -Wall -g2 -gstabs -O0 -fpack-struct -fshort-enums -ffunction-sections -fdata-sections -std=gnu99 -funsigned-char -funsigned-bitfields -mmcu=atmega128 -DF_CPU=1000000UL -MMD -MP -MF"INT.d" -MT"INT.o" -c -o "INT.o" "../INT.c"
In file included from ../MICRO_setting.h:17,
                 from ../INT.h:14,
                 from ../INT.c:7:
c:/winavr-20100110/lib/gcc/../../avr/include/util/delay.h:90:3: warning: #warning "Compiler optimizations disabled; functions from <util/delay.h> won't work as designed"
../INT.c: In function 'INT1_init':
../INT.c:64: error: expected declaration or statement at end of input
make: *** [INT.o] Error 1
"make all" terminated with exit code 2. Build might be incomplete.
13:31:51 **** Incremental Build of configuration Debug for project 11.c ****
make all 
Building file: ../INT.c
Invoking: AVR Compiler
avr-gcc -Wall -g2 -gstabs -O0 -fpack-struct -fshort-enums -ffunction-sections -fdata-sections -std=gnu99 -funsigned-char -funsigned-bitfields -mmcu=atmega128 -DF_CPU=1000000UL -MMD -MP -MF"INT.d" -MT"INT.o" -c -o "INT.o" "../INT.c"
In file included from ../MICRO_setting.h:17,
                 from ../INT.h:14,
                 from ../INT.c:7:
c:/winavr-20100110/lib/gcc/../../avr/include/util/delay.h:90:3: warning: #warning "Compiler optimizations disabled; functions from <util/delay.h> won't work as designed"
../INT.c: In function 'INT1_init':
../INT.c:64: error: expected declaration or statement at end of input
make: *** [INT.o] Error 1
"make all" terminated with exit code 2. Build might be incomplete.
13:32:35 **** Incremental Build of configuration Debug for project 11.c ****
make all 
Building file: ../INT.c
Invoking: AVR Compiler
avr-gcc -Wall -g2 -gstabs -O0 -fpack-struct -fshort-enums -ffunction-sections -fdata-sections -std=gnu99 -funsigned-char -funsigned-bitfields -mmcu=atmega128 -DF_CPU=1000000UL -MMD -MP -MF"INT.d" -MT"INT.o" -c -o "INT.o" "../INT.c"
In file included from ../MICRO_setting.h:17,
                 from ../INT.h:14,
                 from ../INT.c:7:
c:/winavr-20100110/lib/gcc/../../avr/include/util/delay.h:90:3: warning: #warning "Compiler optimizations disabled; functions from <util/delay.h> won't work as designed"
../INT.c: In function 'INT1_init':
../INT.c:64: error: expected declaration or statement at end of input
make: *** [INT.o] Error 1
"make all" terminated with exit code 2. Build might be incomplete.
13:33:19 **** Incremental Build of configuration Debug for project 11.c ****
make all 
Building file: ../INT.c
Invoking: AVR Compiler
avr-gcc -Wall -g2 -gstabs -O0 -fpack-struct -fshort-enums -ffunction-sections -fdata-sections -std=gnu99 -funsigned-char -funsigned-bitfields -mmcu=atmega128 -DF_CPU=1000000UL -MMD -MP -MF"INT.d" -MT"INT.o" -c -o "INT.o" "../INT.c"
In file included from ../MICRO_setting.h:17,
                 from ../INT.h:14,
                 from ../INT.c:7:
c:/winavr-20100110/lib/gcc/../../avr/include/util/delay.h:90:3: warning: #warning "Compiler optimizations disabled; functions from <util/delay.h> won't work as designed"
Finished building: ../INT.c
 
Building file: ../main.c
Invoking: AVR Compiler
avr-gcc -Wall -g2 -gstabs -O0 -fpack-struct -fshort-enums -ffunction-sections -fdata-sections -std=gnu99 -funsigned-char -funsigned-bitfields -mmcu=atmega128 -DF_CPU=1000000UL -MMD -MP -MF"main.d" -MT"main.o" -c -o "main.o" "../main.c"
In file included from ../MICRO_setting.h:17,
                 from ../INT.h:14,
                 from ../main.c:8:
c:/winavr-20100110/lib/gcc/../../avr/include/util/delay.h:90:3: warning: #warning "Compiler optimizations disabled; functions from <util/delay.h> won't work as designed"
Finished building: ../main.c
 
Building target: 11.c.elf
Invoking: AVR C Linker
avr-gcc -Wl,-Map,11.c.map -mmcu=atmega128 -o "11.c.elf"  ./INT.o ./main.o   
Finished building target: 11.c.elf
 
Invoking: AVR Create Extended Listing
avr-objdump -h -S 11.c.elf  >"11.c.lss"
Finished building: 11.c.lss
 
Invoking: Print Size
avr-size --format=avr --mcu=atmega128 11.c.elf
AVR Memory Usage
----------------
Device: atmega128

Program:    4318 bytes (3.3% Full)
(.text + .data + .bootloader)

Data:          8 bytes (0.2% Full)
(.data + .bss + .noinit)


Finished building: sizedummy
 
14:13:20 **** Clean-only build of configuration Debug for project 11.c ****
make clean 
rm -rf  ./INT.o ./main.o  sizedummy  11.c.lss  ./INT.d ./main.d  11.c.elf
 
14:13:22 **** Incremental Build of configuration Debug for project 11.c ****
make all 
Building file: ../INT.c
Invoking: AVR Compiler
avr-gcc -Wall -g2 -gstabs -O0 -fpack-struct -fshort-enums -ffunction-sections -fdata-sections -std=gnu99 -funsigned-char -funsigned-bitfields -mmcu=atmega32 -DF_CPU=1000000UL -MMD -MP -MF"INT.d" -MT"INT.o" -c -o "INT.o" "../INT.c"
In file included from ../MICRO_setting.h:17,
                 from ../INT.h:14,
                 from ../INT.c:7:
c:/winavr-20100110/lib/gcc/../../avr/include/util/delay.h:90:3: warning: #warning "Compiler optimizations disabled; functions from <util/delay.h> won't work as designed"
In file included from ../micro_config.h:7,
                 from ../INT.h:18,
                 from ../INT.c:7:
c:/winavr-20100110/lib/gcc/../../avr/include/avr/iom128.h:51:4: error: #error "Attempt to include more than one <avr/ioXXX.h> file."
make: *** [INT.o] Error 1
"make all" terminated with exit code 2. Build might be incomplete.
14:13:52 **** Incremental Build of configuration Debug for project 11.c ****
make all 
Building file: ../INT.c
Invoking: AVR Compiler
avr-gcc -Wall -g2 -gstabs -O0 -fpack-struct -fshort-enums -ffunction-sections -fdata-sections -std=gnu99 -funsigned-char -funsigned-bitfields -mmcu=atmega32 -DF_CPU=1000000UL -MMD -MP -MF"INT.d" -MT"INT.o" -c -o "INT.o" "../INT.c"
In file included from ../MICRO_setting.h:17,
                 from ../INT.h:14,
                 from ../INT.c:7:
c:/winavr-20100110/lib/gcc/../../avr/include/util/delay.h:90:3: warning: #warning "Compiler optimizations disabled; functions from <util/delay.h> won't work as designed"
Finished building: ../INT.c
 
Building file: ../main.c
Invoking: AVR Compiler
avr-gcc -Wall -g2 -gstabs -O0 -fpack-struct -fshort-enums -ffunction-sections -fdata-sections -std=gnu99 -funsigned-char -funsigned-bitfields -mmcu=atmega32 -DF_CPU=1000000UL -MMD -MP -MF"main.d" -MT"main.o" -c -o "main.o" "../main.c"
In file included from ../MICRO_setting.h:17,
                 from ../INT.h:14,
                 from ../main.c:8:
c:/winavr-20100110/lib/gcc/../../avr/include/util/delay.h:90:3: warning: #warning "Compiler optimizations disabled; functions from <util/delay.h> won't work as designed"
Finished building: ../main.c
 
Building target: 11.c.elf
Invoking: AVR C Linker
avr-gcc -Wl,-Map,11.c.map -mmcu=atmega32 -o "11.c.elf"  ./INT.o ./main.o   
Finished building target: 11.c.elf
 
Invoking: AVR Create Extended Listing
avr-objdump -h -S 11.c.elf  >"11.c.lss"
Finished building: 11.c.lss
 
Invoking: Print Size
avr-size --format=avr --mcu=atmega32 11.c.elf
AVR Memory Usage
----------------
Device: atmega32

Program:    4234 bytes (12.9% Full)
(.text + .data + .bootloader)

Data:          8 bytes (0.4% Full)
(.data + .bss + .noinit)


Finished building: sizedummy
 
14:17:06 **** Incremental Build of configuration Debug for project 11.c ****
make all 
Create Flash image (ihex format)
avr-objcopy -R .eeprom -R .fuse -R .lock -R .signature -O ihex 11.c.elf  "11.c.hex"
Finished building: 11.c.hex
 
Invoking: Print Size
avr-size --format=avr --mcu=atmega32 11.c.elf
AVR Memory Usage
----------------
Device: atmega32

Program:    4234 bytes (12.9% Full)
(.text + .data + .bootloader)

Data:          8 bytes (0.4% Full)
(.data + .bss + .noinit)


Finished building: sizedummy
 
14:22:07 **** Incremental Build of configuration Debug for project 11.c ****
make all 
Building file: ../INT.c
Invoking: AVR Compiler
avr-gcc -Wall -g2 -gstabs -O0 -fpack-struct -fshort-enums -ffunction-sections -fdata-sections -std=gnu99 -funsigned-char -funsigned-bitfields -mmcu=atmega32 -DF_CPU=1000000UL -MMD -MP -MF"INT.d" -MT"INT.o" -c -o "INT.o" "../INT.c"
In file included from ../MICRO_setting.h:17,
                 from ../INT.h:14,
                 from ../INT.c:7:
c:/winavr-20100110/lib/gcc/../../avr/include/util/delay.h:90:3: warning: #warning "Compiler optimizations disabled; functions from <util/delay.h> won't work as designed"
Finished building: ../INT.c
 
Building target: 11.c.elf
Invoking: AVR C Linker
avr-gcc -Wl,-Map,11.c.map -mmcu=atmega32 -o "11.c.elf"  ./INT.o ./main.o   
Finished building target: 11.c.elf
 
Invoking: AVR Create Extended Listing
avr-objdump -h -S 11.c.elf  >"11.c.lss"
Finished building: 11.c.lss
 
Create Flash image (ihex format)
avr-objcopy -R .eeprom -R .fuse -R .lock -R .signature -O ihex 11.c.elf  "11.c.hex"
Finished building: 11.c.hex
 
Invoking: Print Size
avr-size --format=avr --mcu=atmega32 11.c.elf
AVR Memory Usage
----------------
Device: atmega32

Program:    4250 bytes (13.0% Full)
(.text + .data + .bootloader)

Data:          8 bytes (0.4% Full)
(.data + .bss + .noinit)


Finished building: sizedummy
 
