13:11:34 **** Incremental Build of configuration Debug for project Timers ****
make all 
Building file: ../timer.c
Invoking: AVR Compiler
avr-gcc -Wall -g2 -gstabs -O0 -fpack-struct -fshort-enums -ffunction-sections -fdata-sections -std=gnu99 -funsigned-char -funsigned-bitfields -mmcu=atmega16 -DF_CPU=1000000UL -MMD -MP -MF"timer.d" -MT"timer.d" -c -o "timer.o" "../timer.c"
In file included from ../MICRO_setting.h:17,
                 from ../segment.h:14,
                 from ../TIMERS.h:11,
                 from ../timer.c:7:
c:/winavr-20100110/lib/gcc/../../avr/include/util/delay.h:90:3: warning: #warning "Compiler optimizations disabled; functions from <util/delay.h> won't work as designed"
Finished building: ../timer.c
 
Building target: Timers.elf
Invoking: AVR C Linker
avr-gcc -Wl,-Map,Timers.map -mmcu=atmega16 -o "Timers.elf"  ./LED.o ./main.o ./timer.o   
Finished building target: Timers.elf
 
Invoking: AVR Create Extended Listing
avr-objdump -h -S Timers.elf  >"Timers.lss"
Finished building: Timers.lss
 
Invoking: Print Size
avr-size --format=avr --mcu=atmega16 Timers.elf
AVR Memory Usage
----------------
Device: atmega16

Program:     420 bytes (2.6% Full)
(.text + .data + .bootloader)

Data:          1 bytes (0.1% Full)
(.data + .bss + .noinit)


Finished building: sizedummy
 

13:11:34 Build Finished (took 564ms)

