21:24:47 **** Incremental Build of configuration Debug for project challenge2 ****
make all 
Building file: ../main.c
Invoking: AVR Compiler
avr-gcc -Wall -g2 -gstabs -O0 -fpack-struct -fshort-enums -ffunction-sections -fdata-sections -std=gnu99 -funsigned-char -funsigned-bitfields -mmcu=atmega16 -DF_CPU=1000000UL -MMD -MP -MF"main.d" -MT"main.d" -c -o "main.o" "../main.c"
In file included from ../MICRO_setting.h:17,
                 from ../segment.h:14,
                 from ../main.c:7:
c:/winavr-20100110/lib/gcc/../../avr/include/util/delay.h:90:3: warning: #warning "Compiler optimizations disabled; functions from <util/delay.h> won't work as designed"
Finished building: ../main.c
 
Building target: challenge2.elf
Invoking: AVR C Linker
avr-gcc -Wl,-Map,challenge2.map -mmcu=atmega16 -o "challenge2.elf"  ./main.o   
Finished building target: challenge2.elf
 
Invoking: AVR Create Extended Listing
avr-objdump -h -S challenge2.elf  >"challenge2.lss"
Finished building: challenge2.lss
 
Invoking: Print Size
avr-size --format=avr --mcu=atmega16 challenge2.elf
AVR Memory Usage
----------------
Device: atmega16

Program:    3736 bytes (22.8% Full)
(.text + .data + .bootloader)

Data:          8 bytes (0.8% Full)
(.data + .bss + .noinit)


Finished building: sizedummy
 

21:24:47 Build Finished (took 381ms)

