20:52:24 **** Incremental Build of configuration Debug for project Ex2 ****
make all 
Building file: ../LED.c
Invoking: AVR Compiler
avr-gcc -Wall -g2 -gstabs -O0 -fpack-struct -fshort-enums -ffunction-sections -fdata-sections -std=gnu99 -funsigned-char -funsigned-bitfields -mmcu=atmega16 -DF_CPU=8000000UL -MMD -MP -MF"LED.d" -MT"LED.d" -c -o "LED.o" "../LED.c"
In file included from ../MICRO_setting.h:17,
                 from ../LED.h:14,
                 from ../LED.c:7:
c:/winavr-20100110/lib/gcc/../../avr/include/util/delay.h:90:3: warning: #warning "Compiler optimizations disabled; functions from <util/delay.h> won't work as designed"
Finished building: ../LED.c
 
Building file: ../main.c
Invoking: AVR Compiler
avr-gcc -Wall -g2 -gstabs -O0 -fpack-struct -fshort-enums -ffunction-sections -fdata-sections -std=gnu99 -funsigned-char -funsigned-bitfields -mmcu=atmega16 -DF_CPU=8000000UL -MMD -MP -MF"main.d" -MT"main.d" -c -o "main.o" "../main.c"
In file included from ../MICRO_setting.h:17,
                 from ../LED.h:14,
                 from ../main.c:8:
c:/winavr-20100110/lib/gcc/../../avr/include/util/delay.h:90:3: warning: #warning "Compiler optimizations disabled; functions from <util/delay.h> won't work as designed"
Finished building: ../main.c
 
Building target: Ex2.elf
Invoking: AVR C Linker
avr-gcc -Wl,-Map,Ex2.map -mmcu=atmega16 -o "Ex2.elf"  ./LED.o ./main.o   
Finished building target: Ex2.elf
 
Invoking: AVR Create Extended Listing
avr-objdump -h -S Ex2.elf  >"Ex2.lss"
Finished building: Ex2.lss
 
Invoking: Print Size
avr-size --format=avr --mcu=atmega16 Ex2.elf
AVR Memory Usage
----------------
Device: atmega16

Program:    3902 bytes (23.8% Full)
(.text + .data + .bootloader)

Data:          8 bytes (0.8% Full)
(.data + .bss + .noinit)


Finished building: sizedummy
 

20:52:24 Build Finished (took 380ms)

