22:05:26 **** Incremental Build of configuration Debug for project Ex3 ****
make all 
Building file: ../main.c
Invoking: AVR Compiler
avr-gcc -Wall -g2 -gstabs -O0 -fpack-struct -fshort-enums -ffunction-sections -fdata-sections -std=gnu99 -funsigned-char -funsigned-bitfields -mmcu=atmega16 -DF_CPU=1000000UL -MMD -MP -MF"main.d" -MT"main.d" -c -o "main.o" "../main.c"
In file included from ../MICRO_setting.h:17,
                 from ../LED.h:14,
                 from ../main.c:8:
c:/winavr-20100110/lib/gcc/../../avr/include/util/delay.h:90:3: warning: #warning "Compiler optimizations disabled; functions from <util/delay.h> won't work as designed"
Finished building: ../main.c
 
Building target: Ex3.elf
Invoking: AVR C Linker
avr-gcc -Wl,-Map,Ex3.map -mmcu=atmega16 -o "Ex3.elf"  ./LED.o ./main.o   
Finished building target: Ex3.elf
 
Invoking: AVR Create Extended Listing
avr-objdump -h -S Ex3.elf  >"Ex3.lss"
Finished building: Ex3.lss
 
Invoking: Print Size
avr-size --format=avr --mcu=atmega16 Ex3.elf
AVR Memory Usage
----------------
Device: atmega16

Program:    4896 bytes (29.9% Full)
(.text + .data + .bootloader)

Data:          8 bytes (0.8% Full)
(.data + .bss + .noinit)


Finished building: sizedummy
 

22:05:26 Build Finished (took 330ms)

