23:53:28 **** Incremental Build of configuration Debug for project Ex4 ****
make all 
Building file: ../main.c
Invoking: AVR Compiler
avr-gcc -Wall -g2 -gstabs -O0 -fpack-struct -fshort-enums -ffunction-sections -fdata-sections -std=gnu99 -funsigned-char -funsigned-bitfields -mmcu=atmega16 -DF_CPU=1000000UL -MMD -MP -MF"main.d" -MT"main.d" -c -o "main.o" "../main.c"
In file included from ../MICRO_setting.h:17,
                 from ../LED.h:14,
                 from ../main.c:9:
c:/winavr-20100110/lib/gcc/../../avr/include/util/delay.h:90:3: warning: #warning "Compiler optimizations disabled; functions from <util/delay.h> won't work as designed"
Finished building: ../main.c
 
Building target: Ex4.elf
Invoking: AVR C Linker
avr-gcc -Wl,-Map,Ex4.map -mmcu=atmega16 -o "Ex4.elf"  ./LED.o ./main.o   
Finished building target: Ex4.elf
 
Invoking: AVR Create Extended Listing
avr-objdump -h -S Ex4.elf  >"Ex4.lss"
Finished building: Ex4.lss
 
Invoking: Print Size
avr-size --format=avr --mcu=atmega16 Ex4.elf
AVR Memory Usage
----------------
Device: atmega16

Program:    4004 bytes (24.4% Full)
(.text + .data + .bootloader)

Data:          8 bytes (0.8% Full)
(.data + .bss + .noinit)


Finished building: sizedummy
 

23:53:28 Build Finished (took 416ms)

