11:38:06 **** Incremental Build of configuration Debug for project challenge ****
make all 
Building file: ../challenge.c
Invoking: AVR Compiler
avr-gcc -Wall -g2 -gstabs -O0 -fpack-struct -fshort-enums -ffunction-sections -fdata-sections -std=gnu99 -funsigned-char -funsigned-bitfields -mmcu=atmega16 -DF_CPU=1000000UL -MMD -MP -MF"challenge.d" -MT"challenge.d" -c -o "challenge.o" "../challenge.c"
In file included from ../MICRO_setting.h:17,
                 from ../segment.h:14,
                 from ../challenge.c:8:
c:/winavr-20100110/lib/gcc/../../avr/include/util/delay.h:90:3: warning: #warning "Compiler optimizations disabled; functions from <util/delay.h> won't work as designed"
Finished building: ../challenge.c
 
Building target: challenge.elf
Invoking: AVR C Linker
avr-gcc -Wl,-Map,challenge.map -mmcu=atmega16 -o "challenge.elf"  ./INT.o ./challenge.o ./main.o   
Finished building target: challenge.elf
 
Invoking: AVR Create Extended Listing
avr-objdump -h -S challenge.elf  >"challenge.lss"
Finished building: challenge.lss
 
Invoking: Print Size
avr-size --format=avr --mcu=atmega16 challenge.elf
AVR Memory Usage
----------------
Device: atmega16

Program:     330 bytes (2.0% Full)
(.text + .data + .bootloader)

Data:          1 bytes (0.1% Full)
(.data + .bss + .noinit)


Finished building: sizedummy
 

11:38:06 Build Finished (took 393ms)

