16:42:00 **** Incremental Build of configuration Debug for project mini_project ****
make all 
Building file: ../INT.c
Invoking: AVR Compiler
avr-gcc -Wall -g2 -gstabs -O0 -fpack-struct -fshort-enums -ffunction-sections -fdata-sections -std=gnu99 -funsigned-char -funsigned-bitfields -mmcu=atmega16 -DF_CPU=1000000UL -MMD -MP -MF"INT.d" -MT"INT.d" -c -o "INT.o" "../INT.c"
In file included from ../MICRO_setting.h:17,
                 from ../INT.h:14,
                 from ../INT.c:8:
c:/winavr-20100110/lib/gcc/../../avr/include/util/delay.h:90:3: warning: #warning "Compiler optimizations disabled; functions from <util/delay.h> won't work as designed"
Finished building: ../INT.c
 
Building file: ../main.c
Invoking: AVR Compiler
avr-gcc -Wall -g2 -gstabs -O0 -fpack-struct -fshort-enums -ffunction-sections -fdata-sections -std=gnu99 -funsigned-char -funsigned-bitfields -mmcu=atmega16 -DF_CPU=1000000UL -MMD -MP -MF"main.d" -MT"main.d" -c -o "main.o" "../main.c"
In file included from ../MICRO_setting.h:17,
                 from ../segment.h:14,
                 from ../mini_project.h:11,
                 from ../main.c:8:
c:/winavr-20100110/lib/gcc/../../avr/include/util/delay.h:90:3: warning: #warning "Compiler optimizations disabled; functions from <util/delay.h> won't work as designed"
Finished building: ../main.c
 
Building file: ../timer.c
Invoking: AVR Compiler
avr-gcc -Wall -g2 -gstabs -O0 -fpack-struct -fshort-enums -ffunction-sections -fdata-sections -std=gnu99 -funsigned-char -funsigned-bitfields -mmcu=atmega16 -DF_CPU=1000000UL -MMD -MP -MF"timer.d" -MT"timer.d" -c -o "timer.o" "../timer.c"
In file included from ../MICRO_setting.h:17,
                 from ../segment.h:14,
                 from ../TIMERS.h:11,
                 from ../timer.c:7:
c:/winavr-20100110/lib/gcc/../../avr/include/util/delay.h:90:3: warning: #warning "Compiler optimizations disabled; functions from <util/delay.h> won't work as designed"
Finished building: ../timer.c
 
Building target: mini_project.elf
Invoking: AVR C Linker
avr-gcc -Wl,-Map,mini_project.map -mmcu=atmega16 -o "mini_project.elf"  ./INT.o ./main.o ./timer.o   
Finished building target: mini_project.elf
 
Invoking: AVR Create Extended Listing
avr-objdump -h -S mini_project.elf  >"mini_project.lss"
Finished building: mini_project.lss
 
Invoking: Print Size
avr-size --format=avr --mcu=atmega16 mini_project.elf
AVR Memory Usage
----------------
Device: atmega16

Program:    5246 bytes (32.0% Full)
(.text + .data + .bootloader)

Data:         13 bytes (1.3% Full)
(.data + .bss + .noinit)


Finished building: sizedummy
 

16:42:01 Build Finished (took 541ms)

