15:05:04 **** Incremental Build of configuration Debug for project MOTOR_CTRL ****
make all 
Building file: ../main.c
Invoking: AVR Compiler
avr-gcc -Wall -g2 -gstabs -O0 -fpack-struct -fshort-enums -ffunction-sections -fdata-sections -std=gnu99 -funsigned-char -funsigned-bitfields -mmcu=atmega16 -DF_CPU=1000000UL -MMD -MP -MF"main.d" -MT"main.o" -c -o "main.o" "../main.c"
In file included from ../MICRO_setting.h:17,
                 from ../MOTOR.h:14,
                 from ../main.c:8:
c:/winavr-20100110/lib/gcc/../../avr/include/util/delay.h:90:3: warning: #warning "Compiler optimizations disabled; functions from <util/delay.h> won't work as designed"
Finished building: ../main.c
 
Building file: ../timer.c
Invoking: AVR Compiler
avr-gcc -Wall -g2 -gstabs -O0 -fpack-struct -fshort-enums -ffunction-sections -fdata-sections -std=gnu99 -funsigned-char -funsigned-bitfields -mmcu=atmega16 -DF_CPU=1000000UL -MMD -MP -MF"timer.d" -MT"timer.o" -c -o "timer.o" "../timer.c"
In file included from ../MICRO_setting.h:17,
                 from ../segment.h:14,
                 from ../TIMERS.h:11,
                 from ../timer.c:7:
c:/winavr-20100110/lib/gcc/../../avr/include/util/delay.h:90:3: warning: #warning "Compiler optimizations disabled; functions from <util/delay.h> won't work as designed"
Finished building: ../timer.c
 
Building target: MOTOR_CTRL.elf
Invoking: AVR C Linker
avr-gcc -Wl,-Map,MOTOR_CTRL.map -mmcu=atmega16 -o "MOTOR_CTRL.elf"  ./main.o ./timer.o   
Finished building target: MOTOR_CTRL.elf
 
Invoking: AVR Create Extended Listing
avr-objdump -h -S MOTOR_CTRL.elf  >"MOTOR_CTRL.lss"
Finished building: MOTOR_CTRL.lss
 
Invoking: Print Size
avr-size --format=avr --mcu=atmega16 MOTOR_CTRL.elf
AVR Memory Usage
----------------
Device: atmega16

Program:    5922 bytes (36.1% Full)
(.text + .data + .bootloader)

Data:          8 bytes (0.8% Full)
(.data + .bss + .noinit)


Finished building: sizedummy
 

15:05:09 Build Finished. 0 errors, 2 warnings. (took 4s.985ms)

