09:06:28 **** Incremental Build of configuration Debug for project pwm ****
make all 
Building file: ../main.c
Invoking: AVR Compiler
avr-gcc -Wall -g2 -gstabs -O0 -fpack-struct -fshort-enums -ffunction-sections -fdata-sections -std=gnu99 -funsigned-char -funsigned-bitfields -mmcu=atmega16 -DF_CPU=1000000UL -MMD -MP -MF"main.d" -MT"main.d" -c -o "main.o" "../main.c"
In file included from ../MICRO_setting.h:17,
                 from ../segment.h:14,
                 from ../TIMERS.h:11,
                 from ../main.c:8:
c:/winavr-20100110/lib/gcc/../../avr/include/util/delay.h:90:3: warning: #warning "Compiler optimizations disabled; functions from <util/delay.h> won't work as designed"
Finished building: ../main.c
 
Building target: pwm.elf
Invoking: AVR C Linker
avr-gcc -Wl,-Map,pwm.map -mmcu=atmega16 -o "pwm.elf"  ./main.o ./timer.o   
Finished building target: pwm.elf
 
Invoking: AVR Create Extended Listing
avr-objdump -h -S pwm.elf  >"pwm.lss"
Finished building: pwm.lss
 
Invoking: Print Size
avr-size --format=avr --mcu=atmega16 pwm.elf
AVR Memory Usage
----------------
Device: atmega16

Program:    3312 bytes (20.2% Full)
(.text + .data + .bootloader)

Data:          8 bytes (0.8% Full)
(.data + .bss + .noinit)


Finished building: sizedummy
 

09:06:28 Build Finished (took 330ms)

