12:17:15 **** Incremental Build of configuration Debug for project TIMER_COM ****
make all 
Building file: ../main.c
Invoking: AVR Compiler
avr-gcc -Wall -g2 -gstabs -O0 -fpack-struct -fshort-enums -ffunction-sections -fdata-sections -std=gnu99 -funsigned-char -funsigned-bitfields -mmcu=atmega16 -DF_CPU=1000000UL -MMD -MP -MF"main.d" -MT"main.d" -c -o "main.o" "../main.c"
In file included from ../MICRO_setting.h:17,
                 from ../segment.h:14,
                 from ../TIMERS.h:11,
                 from ../main.c:8:
c:/winavr-20100110/lib/gcc/../../avr/include/util/delay.h:90:3: warning: #warning "Compiler optimizations disabled; functions from <util/delay.h> won't work as designed"
Finished building: ../main.c
 
Building file: ../timer.c
Invoking: AVR Compiler
avr-gcc -Wall -g2 -gstabs -O0 -fpack-struct -fshort-enums -ffunction-sections -fdata-sections -std=gnu99 -funsigned-char -funsigned-bitfields -mmcu=atmega16 -DF_CPU=1000000UL -MMD -MP -MF"timer.d" -MT"timer.d" -c -o "timer.o" "../timer.c"
In file included from ../MICRO_setting.h:17,
                 from ../segment.h:14,
                 from ../TIMERS.h:11,
                 from ../timer.c:7:
c:/winavr-20100110/lib/gcc/../../avr/include/util/delay.h:90:3: warning: #warning "Compiler optimizations disabled; functions from <util/delay.h> won't work as designed"
Finished building: ../timer.c
 
Building target: TIMER_COM.elf
Invoking: AVR C Linker
avr-gcc -Wl,-Map,TIMER_COM.map -mmcu=atmega16 -o "TIMER_COM.elf"  ./main.o ./timer.o   
Finished building target: TIMER_COM.elf
 
Invoking: AVR Create Extended Listing
avr-objdump -h -S TIMER_COM.elf  >"TIMER_COM.lss"
Finished building: TIMER_COM.lss
 
Invoking: Print Size
avr-size --format=avr --mcu=atmega16 TIMER_COM.elf
AVR Memory Usage
----------------
Device: atmega16

Program:     364 bytes (2.2% Full)
(.text + .data + .bootloader)

Data:          3 bytes (0.3% Full)
(.data + .bss + .noinit)


Finished building: sizedummy
 

12:17:16 Build Finished (took 490ms)

